[     379ms] [ERROR] Failed to load resource: the server responded with a status of 400 (Bad Request) @ http://localhost:3000/_next/image?url=http%3A%2F%2F127.0.0.1%3A54321%2Fstorage%2Fv1%2Fobject%2Fpublic%2Fmenu-images%2Fmenu-items%2F1770311729823-5xbbaot.jpg&w=640&q=75:0
[     431ms] [ERROR] Failed to load resource: the server responded with a status of 400 (Bad Request) @ http://localhost:3000/_next/image?url=http%3A%2F%2F127.0.0.1%3A54321%2Fstorage%2Fv1%2Fobject%2Fpublic%2Fmenu-images%2Fmenu-items%2F1770311729823-5xbbaot.jpg&w=640&q=75:0
[   36258ms] [ERROR] WebSocket connection to 'ws://localhost:3000/_next/webpack-hmr?id=Ql0CwqtoQaOechh5XZ9pc' failed: Error in connection establishment: net::ERR_CONNECTION_REFUSED @ http://localhost:3000/_next/static/chunks/node_modules_next_dist_client_17643121._.js:10878
[   37259ms] [ERROR] WebSocket connection to 'ws://localhost:3000/_next/webpack-hmr?id=Ql0CwqtoQaOechh5XZ9pc' failed: Error in connection establishment: net::ERR_CONNECTION_REFUSED @ http://localhost:3000/_next/static/chunks/node_modules_next_dist_client_17643121._.js:10878
[   38261ms] [ERROR] WebSocket connection to 'ws://localhost:3000/_next/webpack-hmr?id=Ql0CwqtoQaOechh5XZ9pc' failed: Error in connection establishment: net::ERR_CONNECTION_REFUSED @ http://localhost:3000/_next/static/chunks/node_modules_next_dist_client_17643121._.js:10878
[   39264ms] [ERROR] WebSocket connection to 'ws://localhost:3000/_next/webpack-hmr?id=Ql0CwqtoQaOechh5XZ9pc' failed: Error in connection establishment: net::ERR_CONNECTION_REFUSED @ http://localhost:3000/_next/static/chunks/node_modules_next_dist_client_17643121._.js:10878
[   40266ms] [ERROR] WebSocket connection to 'ws://localhost:3000/_next/webpack-hmr?id=Ql0CwqtoQaOechh5XZ9pc' failed: Error in connection establishment: net::ERR_CONNECTION_REFUSED @ http://localhost:3000/_next/static/chunks/node_modules_next_dist_client_17643121._.js:10878
[   46708ms] [ERROR] Failed to load resource: the server responded with a status of 400 (Bad Request) @ http://localhost:3000/_next/image?url=http%3A%2F%2F127.0.0.1%3A54321%2Fstorage%2Fv1%2Fobject%2Fpublic%2Fmenu-images%2Fmenu-items%2F1770311729823-5xbbaot.jpg&w=640&q=75:0
[   46723ms] [ERROR] Failed to load resource: the server responded with a status of 400 (Bad Request) @ http://localhost:3000/_next/image?url=http%3A%2F%2F127.0.0.1%3A54321%2Fstorage%2Fv1%2Fobject%2Fpublic%2Fmenu-images%2Fmenu-items%2F1770311729823-5xbbaot.jpg&w=640&q=75:0
[   71019ms] [ERROR] WebSocket connection to 'ws://localhost:3000/_next/webpack-hmr?id=YQ0lG9UitqAI6MjfIJDu3' failed: Error in connection establishment: net::ERR_CONNECTION_REFUSED @ http://localhost:3000/_next/static/chunks/node_modules_next_dist_client_17643121._.js:10878
[   72021ms] [ERROR] WebSocket connection to 'ws://localhost:3000/_next/webpack-hmr?id=YQ0lG9UitqAI6MjfIJDu3' failed: Error in connection establishment: net::ERR_CONNECTION_REFUSED @ http://localhost:3000/_next/static/chunks/node_modules_next_dist_client_17643121._.js:10878
[   73023ms] [ERROR] WebSocket connection to 'ws://localhost:3000/_next/webpack-hmr?id=YQ0lG9UitqAI6MjfIJDu3' failed: Error in connection establishment: net::ERR_CONNECTION_REFUSED @ http://localhost:3000/_next/static/chunks/node_modules_next_dist_client_17643121._.js:10878
[   74025ms] [ERROR] WebSocket connection to 'ws://localhost:3000/_next/webpack-hmr?id=YQ0lG9UitqAI6MjfIJDu3' failed: Error in connection establishment: net::ERR_CONNECTION_REFUSED @ http://localhost:3000/_next/static/chunks/node_modules_next_dist_client_17643121._.js:10878
[   75027ms] [ERROR] WebSocket connection to 'ws://localhost:3000/_next/webpack-hmr?id=YQ0lG9UitqAI6MjfIJDu3' failed: Error in connection establishment: net::ERR_CONNECTION_REFUSED @ http://localhost:3000/_next/static/chunks/node_modules_next_dist_client_17643121._.js:10878
[   80030ms] [ERROR] WebSocket connection to 'ws://localhost:3000/_next/webpack-hmr?id=YQ0lG9UitqAI6MjfIJDu3' failed: Error in connection establishment: net::ERR_CONNECTION_REFUSED @ http://localhost:3000/_next/static/chunks/node_modules_next_dist_client_17643121._.js:10878
[   85033ms] [ERROR] WebSocket connection to 'ws://localhost:3000/_next/webpack-hmr?id=YQ0lG9UitqAI6MjfIJDu3' failed: Error in connection establishment: net::ERR_CONNECTION_REFUSED @ http://localhost:3000/_next/static/chunks/node_modules_next_dist_client_17643121._.js:10878
[   90035ms] [ERROR] WebSocket connection to 'ws://localhost:3000/_next/webpack-hmr?id=YQ0lG9UitqAI6MjfIJDu3' failed: Error in connection establishment: net::ERR_CONNECTION_REFUSED @ http://localhost:3000/_next/static/chunks/node_modules_next_dist_client_17643121._.js:10878
[   95037ms] [ERROR] WebSocket connection to 'ws://localhost:3000/_next/webpack-hmr?id=YQ0lG9UitqAI6MjfIJDu3' failed: Error in connection establishment: net::ERR_CONNECTION_REFUSED @ http://localhost:3000/_next/static/chunks/node_modules_next_dist_client_17643121._.js:10878
[  100040ms] [ERROR] WebSocket connection to 'ws://localhost:3000/_next/webpack-hmr?id=YQ0lG9UitqAI6MjfIJDu3' failed: Error in connection establishment: net::ERR_CONNECTION_REFUSED @ http://localhost:3000/_next/static/chunks/node_modules_next_dist_client_17643121._.js:10878
[  105043ms] [ERROR] WebSocket connection to 'ws://localhost:3000/_next/webpack-hmr?id=YQ0lG9UitqAI6MjfIJDu3' failed: Error in connection establishment: net::ERR_CONNECTION_REFUSED @ http://localhost:3000/_next/static/chunks/node_modules_next_dist_client_17643121._.js:10878
[  110048ms] [ERROR] WebSocket connection to 'ws://localhost:3000/_next/webpack-hmr?id=YQ0lG9UitqAI6MjfIJDu3' failed: Error in connection establishment: net::ERR_CONNECTION_REFUSED @ http://localhost:3000/_next/static/chunks/node_modules_next_dist_client_17643121._.js:10878
